app/build/intermediates/manifest_merge_blame_file/debug/manifest-merger-blame-debug-report.txt
1<?xml version="1.0" encoding="utf-8"?>
2<manifest xmlns:android="http://schemas.android.com/apk/res/android"
3    package="com.example.tablefind"
4    android:versionCode="1"
5    android:versionName="1.0" >
6
7    <uses-sdk
8        android:minSdkVersion="16"
8-->src\main\AndroidManifest.xml
9        android:targetSdkVersion="30" />
9-->src\main\AndroidManifest.xml
10
11    <uses-permission android:name="android.permission.ACCESS_COARSE_LOCATION" />
11-->src\main\AndroidManifest.xml:5:5-81
11-->src\main\AndroidManifest.xml:5:22-78
12    <uses-permission android:name="android.permission.INTERNET" />
12-->src\main\AndroidManifest.xml:6:5-67
12-->src\main\AndroidManifest.xml:6:22-64
13    <uses-permission android:name="android.permission.ACCESS_COARSE_LOCATION" />
13-->src\main\AndroidManifest.xml:5:5-81
13-->src\main\AndroidManifest.xml:5:22-78
14    <uses-permission android:name="android.permission.ACCESS_FINE_LOCATION" />
14-->src\main\AndroidManifest.xml:8:5-79
14-->src\main\AndroidManifest.xml:8:22-76
15    <uses-permission android:name="android.permission.ACCESS_BACKGROUND_LOCATION" />
15-->src\main\AndroidManifest.xml:9:5-85
15-->src\main\AndroidManifest.xml:9:22-82
16    <uses-permission android:name="android.permission.WRITE_EXTERNAL_STORAGE" />
16-->src\main\AndroidManifest.xml:10:5-81
16-->src\main\AndroidManifest.xml:10:22-78
17    <uses-permission android:name="android.permission.READ_EXTERNAL_STORAGE" />
17-->src\main\AndroidManifest.xml:11:5-80
17-->src\main\AndroidManifest.xml:11:22-77
18
19    <!-- Although the *SdkVersion is captured in gradle build files, this is required for non gradle builds -->
20    <!-- <uses-sdk android:minSdkVersion="14"/> -->
21    <uses-permission android:name="android.permission.ACCESS_NETWORK_STATE" />
21-->[com.google.firebase:firebase-storage:19.2.0] AndroidManifest.xml:26:5-79
21-->[com.google.firebase:firebase-storage:19.2.0] AndroidManifest.xml:26:22-76
22
23    <application
23-->src\main\AndroidManifest.xml:13:1-54:19
24        android:name="com.example.tablefind.app_utilities.ApplicationClass"
24-->src\main\AndroidManifest.xml:15:9-55
25        android:allowBackup="true"
25-->src\main\AndroidManifest.xml:16:9-35
26        android:appComponentFactory="androidx.core.app.CoreComponentFactory"
26-->[androidx.core:core:1.3.0] AndroidManifest.xml:24:18-86
27        android:debuggable="true"
28        android:icon="@mipmap/tablefind_foreground"
28-->src\main\AndroidManifest.xml:17:9-52
29        android:label="@string/app_name"
29-->src\main\AndroidManifest.xml:18:9-41
30        android:requestLegacyExternalStorage="true"
30-->src\main\AndroidManifest.xml:14:9-52
31        android:roundIcon="@mipmap/tablefind_round"
31-->src\main\AndroidManifest.xml:19:9-52
32        android:supportsRtl="true"
32-->src\main\AndroidManifest.xml:20:9-35
33        android:testOnly="true"
34        android:theme="@style/AppTheme" >
34-->src\main\AndroidManifest.xml:21:9-40
35        <activity android:name="com.example.tablefind.activities.ReceiptList" />
35-->src\main\AndroidManifest.xml:22:9-69
35-->src\main\AndroidManifest.xml:22:19-57
36        <activity android:name="com.example.tablefind.activities.Profile" />
36-->src\main\AndroidManifest.xml:23:9-56
36-->src\main\AndroidManifest.xml:23:19-53
37        <activity
37-->src\main\AndroidManifest.xml:24:9-26:52
38            android:name="com.example.tablefind.activities.MenuItemDetail"
38-->src\main\AndroidManifest.xml:25:13-54
39            android:screenOrientation="portrait" />
39-->src\main\AndroidManifest.xml:26:13-49
40        <activity
40-->src\main\AndroidManifest.xml:27:9-29:52
41            android:name="com.example.tablefind.activities.ReservationReceipt"
41-->src\main\AndroidManifest.xml:28:13-58
42            android:screenOrientation="portrait" />
42-->src\main\AndroidManifest.xml:29:13-49
43        <activity
43-->src\main\AndroidManifest.xml:30:9-32:52
44            android:name="com.example.tablefind.activities.Menu"
44-->src\main\AndroidManifest.xml:31:13-44
45            android:screenOrientation="portrait" />
45-->src\main\AndroidManifest.xml:32:13-49
46        <activity
46-->src\main\AndroidManifest.xml:33:9-35:52
47            android:name="com.example.tablefind.activities.NewReservation"
47-->src\main\AndroidManifest.xml:34:13-54
48            android:screenOrientation="portrait" />
48-->src\main\AndroidManifest.xml:35:13-49
49        <activity
49-->src\main\AndroidManifest.xml:36:9-38:52
50            android:name="com.example.tablefind.activities.TableList"
50-->src\main\AndroidManifest.xml:37:13-49
51            android:screenOrientation="portrait" />
51-->src\main\AndroidManifest.xml:38:13-49
52        <activity
52-->src\main\AndroidManifest.xml:39:9-41:52
53            android:name="com.example.tablefind.activities.Register"
53-->src\main\AndroidManifest.xml:40:13-48
54            android:screenOrientation="portrait" />
54-->src\main\AndroidManifest.xml:41:13-49
55        <activity
55-->src\main\AndroidManifest.xml:42:9-44:52
56            android:name="com.example.tablefind.activities.MainActivity"
56-->src\main\AndroidManifest.xml:43:13-52
57            android:screenOrientation="portrait" />
57-->src\main\AndroidManifest.xml:44:13-49
58        <activity
58-->src\main\AndroidManifest.xml:45:9-53:20
59            android:name="com.example.tablefind.activities.Login"
59-->src\main\AndroidManifest.xml:46:13-45
60            android:screenOrientation="portrait" >
60-->src\main\AndroidManifest.xml:47:13-49
61            <intent-filter>
61-->src\main\AndroidManifest.xml:48:13-52:29
62                <action android:name="android.intent.action.MAIN" />
62-->src\main\AndroidManifest.xml:49:17-69
62-->src\main\AndroidManifest.xml:49:25-66
63
64                <category android:name="android.intent.category.LAUNCHER" />
64-->src\main\AndroidManifest.xml:51:17-77
64-->src\main\AndroidManifest.xml:51:27-74
65            </intent-filter>
66        </activity>
67
68        <service
68-->[com.google.firebase:firebase-storage:19.2.0] AndroidManifest.xml:30:9-36:19
69            android:name="com.google.firebase.components.ComponentDiscoveryService"
69-->[com.google.firebase:firebase-storage:19.2.0] AndroidManifest.xml:31:13-84
70            android:directBootAware="true"
70-->[com.google.firebase:firebase-common:19.3.1] AndroidManifest.xml:35:13-43
71            android:exported="false" >
71-->[com.google.firebase:firebase-storage:19.2.0] AndroidManifest.xml:32:13-37
72            <meta-data
72-->[com.google.firebase:firebase-storage:19.2.0] AndroidManifest.xml:33:13-35:85
73                android:name="com.google.firebase.components:com.google.firebase.storage.StorageRegistrar"
73-->[com.google.firebase:firebase-storage:19.2.0] AndroidManifest.xml:34:17-107
74                android:value="com.google.firebase.components.ComponentRegistrar" />
74-->[com.google.firebase:firebase-storage:19.2.0] AndroidManifest.xml:35:17-82
75        </service>
76
77        <provider
77-->[com.google.firebase:firebase-common:19.3.1] AndroidManifest.xml:26:9-31:39
78            android:name="com.google.firebase.provider.FirebaseInitProvider"
78-->[com.google.firebase:firebase-common:19.3.1] AndroidManifest.xml:27:13-77
79            android:authorities="com.example.tablefind.firebaseinitprovider"
79-->[com.google.firebase:firebase-common:19.3.1] AndroidManifest.xml:28:13-72
80            android:directBootAware="true"
80-->[com.google.firebase:firebase-common:19.3.1] AndroidManifest.xml:29:13-43
81            android:exported="false"
81-->[com.google.firebase:firebase-common:19.3.1] AndroidManifest.xml:30:13-37
82            android:initOrder="100" />
82-->[com.google.firebase:firebase-common:19.3.1] AndroidManifest.xml:31:13-36
83
84        <activity
84-->[com.google.android.gms:play-services-base:17.0.0] AndroidManifest.xml:23:9-26:75
85            android:name="com.google.android.gms.common.api.GoogleApiActivity"
85-->[com.google.android.gms:play-services-base:17.0.0] AndroidManifest.xml:24:13-79
86            android:exported="false"
86-->[com.google.android.gms:play-services-base:17.0.0] AndroidManifest.xml:25:13-37
87            android:theme="@android:style/Theme.Translucent.NoTitleBar" />
87-->[com.google.android.gms:play-services-base:17.0.0] AndroidManifest.xml:26:13-72
88
89        <meta-data
89-->[com.google.android.gms:play-services-basement:17.0.0] AndroidManifest.xml:23:9-25:69
90            android:name="com.google.android.gms.version"
90-->[com.google.android.gms:play-services-basement:17.0.0] AndroidManifest.xml:24:13-58
91            android:value="@integer/google_play_services_version" />
91-->[com.google.android.gms:play-services-basement:17.0.0] AndroidManifest.xml:25:13-66
92    </application>
93
94</manifest>